<?xml version="1.0" encoding="UTF-8"?>
<testng-results ignored="0" total="2" passed="2" failed="0" skipped="0">
  <reporter-output>
  </reporter-output>
  <suite started-at="2024-05-11T12:03:31 IST" name="Default suite" finished-at="2024-05-11T12:03:37 IST" duration-ms="6291">
    <groups>
    </groups>
    <test started-at="2024-05-11T12:03:31 IST" name="Default test" finished-at="2024-05-11T12:03:37 IST" duration-ms="6291">
      <class name="Datadrvn.Datadrv">
        <test-method signature="DemoProject(java.lang.String,java.lang.String)[pri:0, instance:Datadrvn.Datadrv@d29f28]" started-at="2024-05-11T12:03:31 IST" name="DemoProject" data-provider="testdata" finished-at="2024-05-11T12:03:35 IST" duration-ms="3713" status="PASS">
          <params>
            <param index="0">
              <value>
                <![CDATA[Mercury]]>
              </value>
            </param>
            <param index="1">
              <value>
                <![CDATA[Mercury]]>
              </value>
            </param>
          </params>
          <reporter-output>
          </reporter-output>
        </test-method> <!-- DemoProject -->
        <test-method signature="DemoProject(java.lang.String,java.lang.String)[pri:0, instance:Datadrvn.Datadrv@d29f28]" started-at="2024-05-11T12:03:35 IST" name="DemoProject" data-provider="testdata" finished-at="2024-05-11T12:03:37 IST" duration-ms="1950" status="PASS">
          <params>
            <param index="0">
              <value>
                <![CDATA[Mercury01]]>
              </value>
            </param>
            <param index="1">
              <value>
                <![CDATA[Mercury01]]>
              </value>
            </param>
          </params>
          <reporter-output>
          </reporter-output>
        </test-method> <!-- DemoProject -->
      </class> <!-- Datadrvn.Datadrv -->
    </test> <!-- Default test -->
  </suite> <!-- Default suite -->
</testng-results>
